  CaLNDR.cpp
c:\users\jonah\desktop\new folder\calndr\calndr\calndr.cpp(108): warning C4018: '<': signed/unsigned mismatch
c:\users\jonah\desktop\new folder\calndr\calndr\calndr.cpp(139): warning C4018: '<': signed/unsigned mismatch
c:\users\jonah\desktop\new folder\calndr\calndr\calndr.cpp(145): warning C4018: '<': signed/unsigned mismatch
c:\users\jonah\desktop\new folder\calndr\calndr\calndr.cpp(152): warning C4018: '<': signed/unsigned mismatch
c:\users\jonah\desktop\new folder\calndr\calndr\calndr.cpp(159): warning C4018: '<': signed/unsigned mismatch
c:\users\jonah\desktop\new folder\calndr\calndr\calndr.cpp(167): warning C4018: '<': signed/unsigned mismatch
c:\users\jonah\desktop\new folder\calndr\calndr\calndr.cpp(172): warning C4018: '<': signed/unsigned mismatch
c:\users\jonah\desktop\new folder\calndr\calndr\calndr.cpp(189): warning C4018: '<': signed/unsigned mismatch
c:\users\jonah\desktop\new folder\calndr\calndr\calndr.cpp(198): warning C4018: '<': signed/unsigned mismatch
c:\users\jonah\desktop\new folder\calndr\calndr\calndr.cpp(211): warning C4018: '<': signed/unsigned mismatch
c:\users\jonah\desktop\new folder\calndr\calndr\calndr.cpp(219): warning C4018: '<': signed/unsigned mismatch
c:\users\jonah\desktop\new folder\calndr\calndr\calndr.cpp(225): warning C4018: '<': signed/unsigned mismatch
c:\users\jonah\desktop\new folder\calndr\calndr\calndr.cpp(233): warning C4018: '<': signed/unsigned mismatch
c:\users\jonah\desktop\new folder\calndr\calndr\calndr.cpp(240): warning C4018: '<': signed/unsigned mismatch
c:\users\jonah\desktop\new folder\calndr\calndr\calndr.cpp(249): warning C4018: '<': signed/unsigned mismatch
c:\users\jonah\desktop\new folder\calndr\calndr\calndr.cpp(260): warning C4018: '<': signed/unsigned mismatch
c:\users\jonah\desktop\new folder\calndr\calndr\calndr.cpp(274): warning C4018: '<': signed/unsigned mismatch
c:\users\jonah\desktop\new folder\calndr\calndr\calndr.cpp(275): warning C4018: '<': signed/unsigned mismatch
c:\users\jonah\desktop\new folder\calndr\calndr\calndr.cpp(280): warning C4018: '<': signed/unsigned mismatch
c:\users\jonah\desktop\new folder\calndr\calndr\calndr.cpp(297): warning C4018: '<': signed/unsigned mismatch
c:\users\jonah\desktop\new folder\calndr\calndr\calndr.cpp(303): warning C4018: '<': signed/unsigned mismatch
c:\users\jonah\desktop\new folder\calndr\calndr\calndr.cpp(307): warning C4018: '<': signed/unsigned mismatch
c:\users\jonah\desktop\new folder\calndr\calndr\calndr.cpp(319): warning C4018: '<': signed/unsigned mismatch
c:\users\jonah\desktop\new folder\calndr\calndr\calndr.cpp(324): warning C4018: '<': signed/unsigned mismatch
c:\users\jonah\desktop\new folder\calndr\calndr\calndr.cpp(328): warning C4018: '<': signed/unsigned mismatch
c:\users\jonah\desktop\new folder\calndr\calndr\calndr.cpp(337): warning C4018: '<': signed/unsigned mismatch
c:\users\jonah\desktop\new folder\calndr\calndr\calndr.cpp(347): warning C4018: '<': signed/unsigned mismatch
c:\users\jonah\desktop\new folder\calndr\calndr\calndr.cpp(269): warning C4715: 'finalLogic': not all control paths return a value
  CaLNDR.vcxproj -> C:\Users\Jonah\Desktop\New folder\CaLNDR\Debug\CaLNDR.exe
  CaLNDR.vcxproj -> C:\Users\Jonah\Desktop\New folder\CaLNDR\Debug\CaLNDR.pdb (Partial PDB)
